Apple
Location not found!
Amazon
GE
Chevron
Location not found!
Couldn't process  <selenium.webdriver.remote.webelement.WebElement (session="0aaedf3516fafaee5d804c75043f5a39", element="85abf4ef-a897-4f22-914f-df398c6ae01b")>
Couldn't process  <selenium.webdriver.remote.webelement.WebElement (session="0aaedf3516fafaee5d804c75043f5a39", element="4c386bc2-fec9-4d7e-b70a-054fb980990f")>
Couldn't process  <selenium.webdriver.remote.webelement.WebElement (session="0aaedf3516fafaee5d804c75043f5a39", element="d6f018e5-3d02-49c1-acad-aa7b4bbde99e")>
Couldn't process  <selenium.webdriver.remote.webelement.WebElement (session="0aaedf3516fafaee5d804c75043f5a39", element="b0511a5d-32f3-4a2d-8b17-ab0d70f8f061")>
Couldn't process  <selenium.webdriver.remote.webelement.WebElement (session="0aaedf3516fafaee5d804c75043f5a39", element="1d275603-86d1-4c14-9ffc-123b9898fc5d")>
Couldn't process  <selenium.webdriver.remote.webelement.WebElement (session="0aaedf3516fafaee5d804c75043f5a39", element="5a2c91fb-e8ea-4e4e-b789-dd801e2ab8e1")>
Microsoft
Verizon
Location not found!
UnitedHealth Group
CVS Health
Location not found!
Citi
Location not found!
Bank of America
Location not found!
IBM
Location not found!
Costco Wholesale
Location not found!
McKesson
HP
Location not found!